0 info it worked if it ends with ok
1 verbose cli [ '/usr/local/bin/node',
1 verbose cli   '/usr/local/bin/npm',
1 verbose cli   'install',
1 verbose cli   '--save',
1 verbose cli   'gulp-sass',
1 verbose cli   'gulp-sourcemaps',
1 verbose cli   'gulp-concat',
1 verbose cli   'gulp-cashebust' ]
2 info using npm@3.10.8
3 info using node@v6.9.1
4 silly loadCurrentTree Starting
5 silly install loadCurrentTree
6 silly install readLocalPackageData
7 silly fetchPackageMetaData gulp-sass@^2.3.2
8 silly fetchPackageMetaData gulp-sourcemaps@^2.2.1
9 silly fetchPackageMetaData gulp-concat@^2.6.1
10 silly fetchPackageMetaData gulp-cashebust
11 silly fetchNamedPackageData gulp-sass
12 silly mapToRegistry name gulp-sass
13 silly mapToRegistry using default registry
14 silly mapToRegistry registry https://registry.npmjs.org/
15 silly mapToRegistry data Result {
15 silly mapToRegistry   raw: 'gulp-sass',
15 silly mapToRegistry   scope: null,
15 silly mapToRegistry   escapedName: 'gulp-sass',
15 silly mapToRegistry   name: 'gulp-sass',
15 silly mapToRegistry   rawSpec: '',
15 silly mapToRegistry   spec: 'latest',
15 silly mapToRegistry   type: 'tag' }
16 silly mapToRegistry uri https://registry.npmjs.org/gulp-sass
17 silly fetchNamedPackageData gulp-sourcemaps
18 silly mapToRegistry name gulp-sourcemaps
19 silly mapToRegistry using default registry
20 silly mapToRegistry registry https://registry.npmjs.org/
21 silly mapToRegistry data Result {
21 silly mapToRegistry   raw: 'gulp-sourcemaps',
21 silly mapToRegistry   scope: null,
21 silly mapToRegistry   escapedName: 'gulp-sourcemaps',
21 silly mapToRegistry   name: 'gulp-sourcemaps',
21 silly mapToRegistry   rawSpec: '',
21 silly mapToRegistry   spec: 'latest',
21 silly mapToRegistry   type: 'tag' }
22 silly mapToRegistry uri https://registry.npmjs.org/gulp-sourcemaps
23 silly fetchNamedPackageData gulp-concat
24 silly mapToRegistry name gulp-concat
25 silly mapToRegistry using default registry
26 silly mapToRegistry registry https://registry.npmjs.org/
27 silly mapToRegistry data Result {
27 silly mapToRegistry   raw: 'gulp-concat',
27 silly mapToRegistry   scope: null,
27 silly mapToRegistry   escapedName: 'gulp-concat',
27 silly mapToRegistry   name: 'gulp-concat',
27 silly mapToRegistry   rawSpec: '',
27 silly mapToRegistry   spec: 'latest',
27 silly mapToRegistry   type: 'tag' }
28 silly mapToRegistry uri https://registry.npmjs.org/gulp-concat
29 silly fetchNamedPackageData gulp-cashebust
30 silly mapToRegistry name gulp-cashebust
31 silly mapToRegistry using default registry
32 silly mapToRegistry registry https://registry.npmjs.org/
33 silly mapToRegistry data Result {
33 silly mapToRegistry   raw: 'gulp-cashebust',
33 silly mapToRegistry   scope: null,
33 silly mapToRegistry   escapedName: 'gulp-cashebust',
33 silly mapToRegistry   name: 'gulp-cashebust',
33 silly mapToRegistry   rawSpec: '',
33 silly mapToRegistry   spec: 'latest',
33 silly mapToRegistry   type: 'tag' }
34 silly mapToRegistry uri https://registry.npmjs.org/gulp-cashebust
35 verbose request uri https://registry.npmjs.org/gulp-cashebust
36 verbose request no auth needed
37 info attempt registry request try #1 at 11:52:06 AM
38 verbose request id df9465e0e972fa3d
39 http request GET https://registry.npmjs.org/gulp-cashebust
40 verbose request uri https://registry.npmjs.org/gulp-sass
41 verbose request no auth needed
42 info attempt registry request try #1 at 11:52:06 AM
43 verbose etag W/"585979d3-df51"
44 verbose lastModified Tue, 20 Dec 2016 18:34:59 GMT
45 http request GET https://registry.npmjs.org/gulp-sass
46 verbose request uri https://registry.npmjs.org/gulp-sourcemaps
47 verbose request no auth needed
48 info attempt registry request try #1 at 11:52:06 AM
49 verbose etag W/"585979ce-14d66"
50 verbose lastModified Tue, 20 Dec 2016 18:34:54 GMT
51 http request GET https://registry.npmjs.org/gulp-sourcemaps
52 verbose request uri https://registry.npmjs.org/gulp-concat
53 verbose request no auth needed
54 info attempt registry request try #1 at 11:52:06 AM
55 verbose etag W/"585979d0-a1e0"
56 verbose lastModified Tue, 20 Dec 2016 18:34:56 GMT
57 http request GET https://registry.npmjs.org/gulp-concat
58 http 304 https://registry.npmjs.org/gulp-concat
59 verbose headers { date: 'Thu, 22 Dec 2016 18:52:07 GMT',
59 verbose headers   via: '1.1 varnish',
59 verbose headers   'cache-control': 'max-age=300',
59 verbose headers   etag: 'W/"585979d0-a1e0"',
59 verbose headers   age: '264',
59 verbose headers   connection: 'keep-alive',
59 verbose headers   'x-served-by': 'cache-ord1743-ORD',
59 verbose headers   'x-cache': 'HIT',
59 verbose headers   'x-cache-hits': '1',
59 verbose headers   'x-timer': 'S1482432727.042451,VS0,VE0',
59 verbose headers   vary: 'Accept-Encoding' }
60 silly get cb [ 304,
60 silly get   { date: 'Thu, 22 Dec 2016 18:52:07 GMT',
60 silly get     via: '1.1 varnish',
60 silly get     'cache-control': 'max-age=300',
60 silly get     etag: 'W/"585979d0-a1e0"',
60 silly get     age: '264',
60 silly get     connection: 'keep-alive',
60 silly get     'x-served-by': 'cache-ord1743-ORD',
60 silly get     'x-cache': 'HIT',
60 silly get     'x-cache-hits': '1',
60 silly get     'x-timer': 'S1482432727.042451,VS0,VE0',
60 silly get     vary: 'Accept-Encoding' } ]
61 verbose etag https://registry.npmjs.org/gulp-concat from cache
62 verbose get saving gulp-concat to /Users/bjaxlappytappy/.npm/registry.npmjs.org/gulp-concat/.cache.json
63 verbose correctMkdir /Users/bjaxlappytappy/.npm correctMkdir not in flight; initializing
64 http 304 https://registry.npmjs.org/gulp-sass
65 verbose headers { date: 'Thu, 22 Dec 2016 18:52:07 GMT',
65 verbose headers   via: '1.1 varnish',
65 verbose headers   'cache-control': 'max-age=300',
65 verbose headers   etag: 'W/"585979d3-df51"',
65 verbose headers   age: '178',
65 verbose headers   connection: 'keep-alive',
65 verbose headers   'x-served-by': 'cache-ord1724-ORD',
65 verbose headers   'x-cache': 'HIT',
65 verbose headers   'x-cache-hits': '2',
65 verbose headers   'x-timer': 'S1482432727.043815,VS0,VE0',
65 verbose headers   vary: 'Accept-Encoding' }
66 silly get cb [ 304,
66 silly get   { date: 'Thu, 22 Dec 2016 18:52:07 GMT',
66 silly get     via: '1.1 varnish',
66 silly get     'cache-control': 'max-age=300',
66 silly get     etag: 'W/"585979d3-df51"',
66 silly get     age: '178',
66 silly get     connection: 'keep-alive',
66 silly get     'x-served-by': 'cache-ord1724-ORD',
66 silly get     'x-cache': 'HIT',
66 silly get     'x-cache-hits': '2',
66 silly get     'x-timer': 'S1482432727.043815,VS0,VE0',
66 silly get     vary: 'Accept-Encoding' } ]
67 verbose etag https://registry.npmjs.org/gulp-sass from cache
68 verbose get saving gulp-sass to /Users/bjaxlappytappy/.npm/registry.npmjs.org/gulp-sass/.cache.json
69 verbose correctMkdir /Users/bjaxlappytappy/.npm correctMkdir already in flight; waiting
70 http 304 https://registry.npmjs.org/gulp-sourcemaps
71 verbose headers { date: 'Thu, 22 Dec 2016 18:52:07 GMT',
71 verbose headers   via: '1.1 varnish',
71 verbose headers   'cache-control': 'max-age=300',
71 verbose headers   etag: 'W/"585979ce-14d66"',
71 verbose headers   age: '78',
71 verbose headers   connection: 'keep-alive',
71 verbose headers   'x-served-by': 'cache-ord1745-ORD',
71 verbose headers   'x-cache': 'HIT',
71 verbose headers   'x-cache-hits': '1',
71 verbose headers   'x-timer': 'S1482432727.050331,VS0,VE0',
71 verbose headers   vary: 'Accept-Encoding' }
72 silly get cb [ 304,
72 silly get   { date: 'Thu, 22 Dec 2016 18:52:07 GMT',
72 silly get     via: '1.1 varnish',
72 silly get     'cache-control': 'max-age=300',
72 silly get     etag: 'W/"585979ce-14d66"',
72 silly get     age: '78',
72 silly get     connection: 'keep-alive',
72 silly get     'x-served-by': 'cache-ord1745-ORD',
72 silly get     'x-cache': 'HIT',
72 silly get     'x-cache-hits': '1',
72 silly get     'x-timer': 'S1482432727.050331,VS0,VE0',
72 silly get     vary: 'Accept-Encoding' } ]
73 verbose etag https://registry.npmjs.org/gulp-sourcemaps from cache
74 verbose get saving gulp-sourcemaps to /Users/bjaxlappytappy/.npm/registry.npmjs.org/gulp-sourcemaps/.cache.json
75 verbose correctMkdir /Users/bjaxlappytappy/.npm correctMkdir not in flight; initializing
76 http 404 https://registry.npmjs.org/gulp-cashebust
77 verbose headers { 'content-type': 'application/json',
77 verbose headers   'cache-control': 'max-age=0',
77 verbose headers   'content-length': '2',
77 verbose headers   'accept-ranges': 'bytes',
77 verbose headers   date: 'Thu, 22 Dec 2016 18:52:07 GMT',
77 verbose headers   via: '1.1 varnish',
77 verbose headers   age: '0',
77 verbose headers   connection: 'keep-alive',
77 verbose headers   'x-served-by': 'cache-ord1746-ORD',
77 verbose headers   'x-cache': 'MISS',
77 verbose headers   'x-cache-hits': '0',
77 verbose headers   'x-timer': 'S1482432727.045333,VS0,VE175',
77 verbose headers   vary: 'Accept-Encoding' }
78 silly get cb [ 404,
78 silly get   { 'content-type': 'application/json',
78 silly get     'cache-control': 'max-age=0',
78 silly get     'content-length': '2',
78 silly get     'accept-ranges': 'bytes',
78 silly get     date: 'Thu, 22 Dec 2016 18:52:07 GMT',
78 silly get     via: '1.1 varnish',
78 silly get     age: '0',
78 silly get     connection: 'keep-alive',
78 silly get     'x-served-by': 'cache-ord1746-ORD',
78 silly get     'x-cache': 'MISS',
78 silly get     'x-cache-hits': '0',
78 silly get     'x-timer': 'S1482432727.045333,VS0,VE175',
78 silly get     vary: 'Accept-Encoding' } ]
79 silly fetchPackageMetaData Error: Registry returned 404 for GET on https://registry.npmjs.org/gulp-cashebust
79 silly fetchPackageMetaData     at makeError (/usr/local/lib/node_modules/npm/node_modules/npm-registry-client/lib/request.js:302:12)
79 silly fetchPackageMetaData     at CachingRegistryClient.<anonymous> (/usr/local/lib/node_modules/npm/node_modules/npm-registry-client/lib/request.js:280:14)
79 silly fetchPackageMetaData     at Request._callback (/usr/local/lib/node_modules/npm/node_modules/npm-registry-client/lib/request.js:210:14)
79 silly fetchPackageMetaData     at Request.self.callback (/usr/local/lib/node_modules/npm/node_modules/request/request.js:187:22)
79 silly fetchPackageMetaData     at emitTwo (events.js:106:13)
79 silly fetchPackageMetaData     at Request.emit (events.js:191:7)
79 silly fetchPackageMetaData     at Request.<anonymous> (/usr/local/lib/node_modules/npm/node_modules/request/request.js:1044:10)
79 silly fetchPackageMetaData     at emitOne (events.js:96:13)
79 silly fetchPackageMetaData     at Request.emit (events.js:188:7)
79 silly fetchPackageMetaData     at IncomingMessage.<anonymous> (/usr/local/lib/node_modules/npm/node_modules/request/request.js:965:12)
79 silly fetchPackageMetaData  error for gulp-cashebust { Error: Registry returned 404 for GET on https://registry.npmjs.org/gulp-cashebust
79 silly fetchPackageMetaData     at makeError (/usr/local/lib/node_modules/npm/node_modules/npm-registry-client/lib/request.js:302:12)
79 silly fetchPackageMetaData     at CachingRegistryClient.<anonymous> (/usr/local/lib/node_modules/npm/node_modules/npm-registry-client/lib/request.js:280:14)
79 silly fetchPackageMetaData     at Request._callback (/usr/local/lib/node_modules/npm/node_modules/npm-registry-client/lib/request.js:210:14)
79 silly fetchPackageMetaData     at Request.self.callback (/usr/local/lib/node_modules/npm/node_modules/request/request.js:187:22)
79 silly fetchPackageMetaData     at emitTwo (events.js:106:13)
79 silly fetchPackageMetaData     at Request.emit (events.js:191:7)
79 silly fetchPackageMetaData     at Request.<anonymous> (/usr/local/lib/node_modules/npm/node_modules/request/request.js:1044:10)
79 silly fetchPackageMetaData     at emitOne (events.js:96:13)
79 silly fetchPackageMetaData     at Request.emit (events.js:188:7)
79 silly fetchPackageMetaData     at IncomingMessage.<anonymous> (/usr/local/lib/node_modules/npm/node_modules/request/request.js:965:12) pkgid: 'gulp-cashebust', statusCode: 404, code: 'E404' }
80 silly rollbackFailedOptional Starting
81 silly rollbackFailedOptional Finishing
82 silly runTopLevelLifecycles Finishing
83 silly install printInstalled
84 verbose stack Error: Registry returned 404 for GET on https://registry.npmjs.org/gulp-cashebust
84 verbose stack     at makeError (/usr/local/lib/node_modules/npm/node_modules/npm-registry-client/lib/request.js:302:12)
84 verbose stack     at CachingRegistryClient.<anonymous> (/usr/local/lib/node_modules/npm/node_modules/npm-registry-client/lib/request.js:280:14)
84 verbose stack     at Request._callback (/usr/local/lib/node_modules/npm/node_modules/npm-registry-client/lib/request.js:210:14)
84 verbose stack     at Request.self.callback (/usr/local/lib/node_modules/npm/node_modules/request/request.js:187:22)
84 verbose stack     at emitTwo (events.js:106:13)
84 verbose stack     at Request.emit (events.js:191:7)
84 verbose stack     at Request.<anonymous> (/usr/local/lib/node_modules/npm/node_modules/request/request.js:1044:10)
84 verbose stack     at emitOne (events.js:96:13)
84 verbose stack     at Request.emit (events.js:188:7)
84 verbose stack     at IncomingMessage.<anonymous> (/usr/local/lib/node_modules/npm/node_modules/request/request.js:965:12)
85 verbose statusCode 404
86 verbose pkgid gulp-cashebust
87 verbose cwd /Users/bjaxlappytappy/devmtn/day19/intro-gulp-sass-starter
88 error Darwin 16.3.0
89 error argv "/usr/local/bin/node" "/usr/local/bin/npm" "install" "--save" "gulp-sass" "gulp-sourcemaps" "gulp-concat" "gulp-cashebust"
90 error node v6.9.1
91 error npm  v3.10.8
92 error code E404
93 error 404 Registry returned 404 for GET on https://registry.npmjs.org/gulp-cashebust
94 error 404
95 error 404 'gulp-cashebust' is not in the npm registry.
96 error 404 You should bug the author to publish it (or use the name yourself!)
97 error 404 Note that you can also install from a
98 error 404 tarball, folder, http url, or git url.
99 verbose exit [ 1, true ]
